<?xml version="1.0" encoding="UTF-8"?>
<!-- Generated by org.testng.reporters.JUnitReportReporter -->
<testsuite hostname="DESKTOP-S9PGP8H" failures="0" tests="1" name="com.service.sampleTest" time="0.001" errors="0" timestamp="2022-09-27T09:49:39 IST" skipped="0">
  <testcase classname="com.service.sampleTest" name="f1" time="0.001"/>
  <system-out/>
</testsuite> <!-- com.service.sampleTest -->
