<?xml version="1.0" encoding="UTF-8"?>
<!-- Generated by org.testng.reporters.JUnitReportReporter -->
<testsuite hostname="DESKTOP-S9PGP8H" failures="0" tests="1" name="com.service.BikeTest" time="0.000" errors="0" timestamp="2022-09-27T10:14:00 IST" skipped="0">
  <testcase classname="com.service.BikeTest" name="speed" time="0.000"/>
  <system-out/>
</testsuite> <!-- com.service.BikeTest -->
